  Pong.cpp
Pong.cpp(37): warning C4244: 'initializing': conversion from 'int' to 'float', possible loss of data
Pong.cpp(41): warning C4244: 'initializing': conversion from 'int' to 'float', possible loss of data
Pong.cpp(42): warning C4244: 'initializing': conversion from 'int' to 'float', possible loss of data
Pong.cpp(55): warning C4244: 'argument': conversion from 'int' to 'float', possible loss of data
Pong.cpp(56): warning C4244: 'argument': conversion from 'int' to 'float', possible loss of data
Pong.cpp(59): warning C4244: 'argument': conversion from 'int' to 'float', possible loss of data
Pong.cpp(60): warning C4244: 'argument': conversion from 'int' to 'float', possible loss of data
Pong.cpp(68): warning C4244: 'argument': conversion from 'int' to 'float', possible loss of data
Pong.cpp(69): warning C4244: 'argument': conversion from 'int' to 'float', possible loss of data
Pong.cpp(70): warning C4244: 'argument': conversion from 'int' to 'float', possible loss of data
Pong.cpp(71): warning C4244: 'argument': conversion from 'int' to 'float', possible loss of data
Pong.cpp(72): warning C4244: 'argument': conversion from 'int' to 'float', possible loss of data
Pong.cpp(83): warning C4244: 'argument': conversion from 'int' to 'float', possible loss of data
Pong.cpp(137): warning C4244: '=': conversion from 'int' to 'float', possible loss of data
Pong.cpp(138): warning C4244: '=': conversion from 'int' to 'float', possible loss of data
Pong.cpp(147): warning C4244: '=': conversion from 'int' to 'float', possible loss of data
Pong.cpp(148): warning C4244: '=': conversion from 'int' to 'float', possible loss of data
  Generating code
  0 of 107 functions ( 0.0%) were compiled, the rest were copied from previous compilation.
    0 functions were new in current compilation
    0 functions had inline decision re-evaluated but remain unchanged
  Finished generating code
  Pong.vcxproj -> C:\Users\William\Documents\GitHub\pong-cpp\Release\Pong.exe
