  stdafx.cpp
  Pong.cpp
c:\users\william\documents\github\pong-cpp\pong\pong.cpp(41): warning C4244: 'initializing': conversion from 'int' to 'float', possible loss of data
c:\users\william\documents\github\pong-cpp\pong\pong.cpp(45): warning C4244: 'initializing': conversion from 'int' to 'float', possible loss of data
c:\users\william\documents\github\pong-cpp\pong\pong.cpp(46): warning C4244: 'initializing': conversion from 'int' to 'float', possible loss of data
c:\users\william\documents\github\pong-cpp\pong\pong.cpp(86): warning C4244: 'argument': conversion from 'int' to 'float', possible loss of data
c:\users\william\documents\github\pong-cpp\pong\pong.cpp(87): warning C4244: 'argument': conversion from 'int' to 'float', possible loss of data
c:\users\william\documents\github\pong-cpp\pong\pong.cpp(90): warning C4244: 'argument': conversion from 'int' to 'float', possible loss of data
c:\users\william\documents\github\pong-cpp\pong\pong.cpp(91): warning C4244: 'argument': conversion from 'int' to 'float', possible loss of data
c:\users\william\documents\github\pong-cpp\pong\pong.cpp(99): warning C4244: 'argument': conversion from 'int' to 'float', possible loss of data
c:\users\william\documents\github\pong-cpp\pong\pong.cpp(100): warning C4244: 'argument': conversion from 'int' to 'float', possible loss of data
c:\users\william\documents\github\pong-cpp\pong\pong.cpp(101): warning C4244: 'argument': conversion from 'int' to 'float', possible loss of data
c:\users\william\documents\github\pong-cpp\pong\pong.cpp(102): warning C4244: 'argument': conversion from 'int' to 'float', possible loss of data
c:\users\william\documents\github\pong-cpp\pong\pong.cpp(103): warning C4244: 'argument': conversion from 'int' to 'float', possible loss of data
c:\users\william\documents\github\pong-cpp\pong\pong.cpp(164): warning C4244: '=': conversion from 'int' to 'float', possible loss of data
c:\users\william\documents\github\pong-cpp\pong\pong.cpp(165): warning C4244: '=': conversion from 'int' to 'float', possible loss of data
c:\users\william\documents\github\pong-cpp\pong\pong.cpp(174): warning C4244: '=': conversion from 'int' to 'float', possible loss of data
c:\users\william\documents\github\pong-cpp\pong\pong.cpp(175): warning C4244: '=': conversion from 'int' to 'float', possible loss of data
libcpmtd.lib(xlocale.obj) : error LNK2001: unresolved external symbol _calloc_dbg
Pong.obj : error LNK2001: unresolved external symbol _calloc_dbg
libcpmtd.lib(_tolower.obj) : error LNK2001: unresolved external symbol _calloc_dbg
libcpmtd.lib(locale.obj) : error LNK2001: unresolved external symbol _calloc_dbg
libcpmtd.lib(wlocale.obj) : error LNK2001: unresolved external symbol _calloc_dbg
libcpmtd.lib(wlocale.obj) : error LNK2001: unresolved external symbol _free_dbg
libcpmtd.lib(xlocale.obj) : error LNK2001: unresolved external symbol _free_dbg
libcpmtd.lib(xwcsxfrm.obj) : error LNK2001: unresolved external symbol _free_dbg
libcpmtd.lib(StlCompareStringA.obj) : error LNK2001: unresolved external symbol _free_dbg
Pong.obj : error LNK2001: unresolved external symbol _free_dbg
libcpmtd.lib(locale0.obj) : error LNK2001: unresolved external symbol _free_dbg
libcpmtd.lib(StlLCMapStringA.obj) : error LNK2001: unresolved external symbol _free_dbg
libcpmtd.lib(locale.obj) : error LNK2001: unresolved external symbol _free_dbg
libcpmtd.lib(wlocale.obj) : error LNK2001: unresolved external symbol _malloc_dbg
libcpmtd.lib(xlocale.obj) : error LNK2001: unresolved external symbol _malloc_dbg
libcpmtd.lib(xwcsxfrm.obj) : error LNK2001: unresolved external symbol _malloc_dbg
libcpmtd.lib(StlCompareStringA.obj) : error LNK2001: unresolved external symbol _malloc_dbg
Pong.obj : error LNK2001: unresolved external symbol _malloc_dbg
libcpmtd.lib(locale0.obj) : error LNK2001: unresolved external symbol _malloc_dbg
libcpmtd.lib(StlLCMapStringA.obj) : error LNK2001: unresolved external symbol _malloc_dbg
libcpmtd.lib(locale.obj) : error LNK2001: unresolved external symbol _malloc_dbg
libcpmtd.lib(xmbtowc.obj) : error LNK2001: unresolved external symbol _CrtDbgReportW
libcpmtd.lib(StlCompareStringA.obj) : error LNK2001: unresolved external symbol _CrtDbgReportW
libcpmtd.lib(StlLCMapStringA.obj) : error LNK2001: unresolved external symbol _CrtDbgReportW
libcpmtd.lib(locale.obj) : error LNK2001: unresolved external symbol _CrtDbgReportW
libcpmtd.lib(wlocale.obj) : error LNK2001: unresolved external symbol _CrtDbgReportW
libcpmtd.lib(xlocale.obj) : error LNK2001: unresolved external symbol _CrtDbgReportW
Pong.obj : error LNK2001: unresolved external symbol _CrtDbgReportW
libcpmtd.lib(stdthrow.obj) : error LNK2001: unresolved external symbol _CrtDbgReportW
libcpmtd.lib(xonce.obj) : error LNK2001: unresolved external symbol _CrtDbgReportW
libcpmtd.lib(syserror.obj) : error LNK2001: unresolved external symbol _CrtDbgReportW
Pong.obj : error LNK2019: unresolved external symbol __imp_glutInitWindowSize referenced in function main
Pong.obj : error LNK2019: unresolved external symbol __imp_glutInitDisplayMode referenced in function main
Pong.obj : error LNK2019: unresolved external symbol __imp_glutMainLoop referenced in function main
Pong.obj : error LNK2019: unresolved external symbol __imp_glutPostRedisplay referenced in function "void __cdecl Update(int)" (?Update@@YAXH@Z)
Pong.obj : error LNK2019: unresolved external symbol __imp_glutSwapBuffers referenced in function "void __cdecl Draw(void)" (?Draw@@YAXXZ)
Pong.obj : error LNK2019: unresolved external symbol __imp_glutTimerFunc referenced in function "void __cdecl Update(int)" (?Update@@YAXH@Z)
Pong.obj : error LNK2019: unresolved external symbol __imp_glutDisplayFunc referenced in function main
Pong.obj : error LNK2019: unresolved external symbol __imp___glutInitWithExit referenced in function glutInit_ATEXIT_HACK
Pong.obj : error LNK2019: unresolved external symbol __imp___glutCreateWindowWithExit referenced in function glutCreateWindow_ATEXIT_HACK
Pong.obj : error LNK2019: unresolved external symbol __imp_glutBitmapString referenced in function "void __cdecl drawText(float,float,class std::basic_string<char,struct std::char_traits<char>,class std::allocator<char> >,void *)" (?drawText@@YAXMMV?$basic_string@DU?$char_traits@D@std@@V?$allocator@D@2@@std@@PEAX@Z)
libcpmtd.lib(_tolower.obj) : error LNK2019: unresolved external symbol _wcsdup_dbg referenced in function _Getctype
libcpmtd.lib(xstrcoll.obj) : error LNK2001: unresolved external symbol _wcsdup_dbg
libcpmtd.lib(locale.obj) : error LNK2019: unresolved external symbol _realloc_dbg referenced in function "private: static void __cdecl std::locale::_Locimp::_Locimp_Addfac(class std::locale::_Locimp *,class std::locale::facet *,unsigned __int64)" (?_Locimp_Addfac@_Locimp@locale@std@@CAXPEAV123@PEAVfacet@23@_K@Z)
freeglut.lib : warning LNK4272: library machine type 'x86' conflicts with target machine type 'x64'
C:\Users\William\Documents\GitHub\pong-cpp\x64\Debug\Pong.exe : fatal error LNK1120: 16 unresolved externals
